<?xml version="1.0" encoding="UTF-8"?>
<testng-results ignored="0" total="6" passed="4" failed="0" skipped="2">
  <reporter-output>
    <line>
      <![CDATA[logged in]]>
    </line>
  </reporter-output>
  <suite started-at="2020-05-11T22:55:29 IST" name="Suite" finished-at="2020-05-11T22:55:34 IST" duration-ms="5221">
    <groups>
    </groups>
    <test started-at="2020-05-11T22:55:29 IST" name="testlogin" finished-at="2020-05-11T22:55:31 IST" duration-ms="2005">
      <class name="com.w2a.testcases.LoginClass">
        <test-method signature="logintest()[pri:0, instance:com.w2a.testcases.LoginClass@76f2bbc1]" started-at="2020-05-11T22:55:29 IST" name="logintest" finished-at="2020-05-11T22:55:31 IST" duration-ms="1675" status="PASS">
          <reporter-output>
          </reporter-output>
        </test-method> <!-- logintest -->
      </class> <!-- com.w2a.testcases.LoginClass -->
    </test> <!-- testlogin -->
    <test started-at="2020-05-11T22:55:31 IST" name="testaddcustomer" finished-at="2020-05-11T22:55:33 IST" duration-ms="1766">
      <class name="com.w2a.testcases.AddCustomerTest">
        <test-method signature="addcustomertest(java.util.Hashtable)[pri:0, instance:com.w2a.testcases.AddCustomerTest@3e6ef8ad]" started-at="2020-05-11T22:55:31 IST" name="addcustomertest" data-provider="getdata" finished-at="2020-05-11T22:55:32 IST" duration-ms="932" status="PASS">
          <params>
            <param index="0">
              <value>
                <![CDATA[{RunMode=Y, FirstName=Ankit, Postcode=Aw123, LastName=Shet, AlertText=Customer added successfully with customer id}]]>
              </value>
            </param>
          </params>
          <reporter-output>
          </reporter-output>
        </test-method> <!-- addcustomertest -->
        <test-method signature="addcustomertest(java.util.Hashtable)[pri:0, instance:com.w2a.testcases.AddCustomerTest@3e6ef8ad]" started-at="2020-05-11T22:55:32 IST" name="addcustomertest" data-provider="getdata" finished-at="2020-05-11T22:55:32 IST" duration-ms="48" status="SKIP">
          <params>
            <param index="0">
              <value>
                <![CDATA[{RunMode=N, FirstName=Nilkhant, Postcode=Po23, LastName=shirodkar, AlertText=Customer added successfully with customer id}]]>
              </value>
            </param>
          </params>
          <exception class="org.testng.SkipException">
            <message>
              <![CDATA[Skipping the test data as RUNMODE = NO]]>
            </message>
            <full-stacktrace>
              <![CDATA[org.testng.SkipException: Skipping the test data as RUNMODE = NO
at com.w2a.testcases.AddCustomerTest.addcustomertest(AddCustomerTest.java:32)
at java.base/jdk.internal.reflect.NativeMethodAccessorImpl.invoke0(Native Method)
at java.base/jdk.internal.reflect.NativeMethodAccessorImpl.invoke(NativeMethodAccessorImpl.java:62)
at java.base/jdk.internal.reflect.DelegatingMethodAccessorImpl.invoke(DelegatingMethodAccessorImpl.java:43)
at java.base/java.lang.reflect.Method.invoke(Method.java:566)
at org.testng.internal.MethodInvocationHelper.invokeMethod(MethodInvocationHelper.java:134)
at org.testng.internal.TestInvoker.invokeMethod(TestInvoker.java:597)
at org.testng.internal.TestInvoker.invokeTestMethod(TestInvoker.java:173)
at org.testng.internal.MethodRunner.runInSequence(MethodRunner.java:46)
at org.testng.internal.TestInvoker$MethodInvocationAgent.invoke(TestInvoker.java:816)
at org.testng.internal.TestInvoker.invokeTestMethods(TestInvoker.java:146)
at org.testng.internal.TestMethodWorker.invokeTestMethods(TestMethodWorker.java:146)
at org.testng.internal.TestMethodWorker.run(TestMethodWorker.java:128)
at java.base/java.util.ArrayList.forEach(ArrayList.java:1540)
at org.testng.TestRunner.privateRun(TestRunner.java:766)
at org.testng.TestRunner.run(TestRunner.java:587)
at org.testng.SuiteRunner.runTest(SuiteRunner.java:384)
at org.testng.SuiteRunner.runSequentially(SuiteRunner.java:378)
at org.testng.SuiteRunner.privateRun(SuiteRunner.java:337)
at org.testng.SuiteRunner.run(SuiteRunner.java:286)
at org.testng.SuiteRunnerWorker.runSuite(SuiteRunnerWorker.java:53)
at org.testng.SuiteRunnerWorker.run(SuiteRunnerWorker.java:96)
at org.testng.TestNG.runSuitesSequentially(TestNG.java:1187)
at org.testng.TestNG.runSuitesLocally(TestNG.java:1109)
at org.testng.TestNG.runSuites(TestNG.java:1039)
at org.testng.TestNG.run(TestNG.java:1007)
at org.apache.maven.surefire.testng.TestNGExecutor.run(TestNGExecutor.java:295)
at org.apache.maven.surefire.testng.TestNGXmlTestSuite.execute(TestNGXmlTestSuite.java:84)
at org.apache.maven.surefire.testng.TestNGProvider.invoke(TestNGProvider.java:90)
at org.apache.maven.surefire.booter.ForkedBooter.invokeProviderInSameClassLoader(ForkedBooter.java:203)
at org.apache.maven.surefire.booter.ForkedBooter.runSuitesInProcess(ForkedBooter.java:155)
at org.apache.maven.surefire.booter.ForkedBooter.main(ForkedBooter.java:103)
]]>
            </full-stacktrace>
          </exception> <!-- org.testng.SkipException -->
          <reporter-output>
          </reporter-output>
        </test-method> <!-- addcustomertest -->
        <test-method signature="addcustomertest(java.util.Hashtable)[pri:0, instance:com.w2a.testcases.AddCustomerTest@3e6ef8ad]" started-at="2020-05-11T22:55:32 IST" name="addcustomertest" data-provider="getdata" finished-at="2020-05-11T22:55:33 IST" duration-ms="556" status="PASS">
          <params>
            <param index="0">
              <value>
                <![CDATA[{RunMode=Y, FirstName=king, Postcode=Oi727, LastName=singh, AlertText=Customer added successfully with customer id}]]>
              </value>
            </param>
          </params>
          <reporter-output>
          </reporter-output>
        </test-method> <!-- addcustomertest -->
      </class> <!-- com.w2a.testcases.AddCustomerTest -->
    </test> <!-- testaddcustomer -->
    <test started-at="2020-05-11T22:55:33 IST" name="testopenaccount" finished-at="2020-05-11T22:55:34 IST" duration-ms="1401">
      <class name="com.w2a.testcases.OpenAccount">
        <test-method is-config="true" signature="setup()[pri:0, instance:com.w2a.testcases.OpenAccount@378542de]" started-at="2020-05-11T22:55:11 IST" name="setup" finished-at="2020-05-11T22:55:29 IST" duration-ms="18012" status="PASS">
          <reporter-output>
            <line>
              <![CDATA[logged in]]>
            </line>
          </reporter-output>
        </test-method> <!-- setup -->
        <test-method signature="openaccounttest(java.lang.String, java.lang.String, java.lang.String, java.lang.String)[pri:0, instance:com.w2a.testcases.OpenAccount@378542de]" started-at="2020-05-11T22:55:33 IST" name="openaccounttest" data-provider="getdata" finished-at="2020-05-11T22:55:33 IST" duration-ms="39" status="SKIP">
          <params>
            <param index="0">
              <value>
                <![CDATA[Harry Potter]]>
              </value>
            </param>
            <param index="1">
              <value>
                <![CDATA[Dollar]]>
              </value>
            </param>
            <param index="2">
              <value>
                <![CDATA[Account created successfully with account Number]]>
              </value>
            </param>
            <param index="3">
              <value>
                <![CDATA[N]]>
              </value>
            </param>
          </params>
          <exception class="org.testng.SkipException">
            <message>
              <![CDATA[Skipping the test data as RUNMODE = NO]]>
            </message>
            <full-stacktrace>
              <![CDATA[org.testng.SkipException: Skipping the test data as RUNMODE = NO
at com.w2a.testcases.OpenAccount.openaccounttest(OpenAccount.java:22)
at java.base/jdk.internal.reflect.NativeMethodAccessorImpl.invoke0(Native Method)
at java.base/jdk.internal.reflect.NativeMethodAccessorImpl.invoke(NativeMethodAccessorImpl.java:62)
at java.base/jdk.internal.reflect.DelegatingMethodAccessorImpl.invoke(DelegatingMethodAccessorImpl.java:43)
at java.base/java.lang.reflect.Method.invoke(Method.java:566)
at org.testng.internal.MethodInvocationHelper.invokeMethod(MethodInvocationHelper.java:134)
at org.testng.internal.TestInvoker.invokeMethod(TestInvoker.java:597)
at org.testng.internal.TestInvoker.invokeTestMethod(TestInvoker.java:173)
at org.testng.internal.MethodRunner.runInSequence(MethodRunner.java:46)
at org.testng.internal.TestInvoker$MethodInvocationAgent.invoke(TestInvoker.java:816)
at org.testng.internal.TestInvoker.invokeTestMethods(TestInvoker.java:146)
at org.testng.internal.TestMethodWorker.invokeTestMethods(TestMethodWorker.java:146)
at org.testng.internal.TestMethodWorker.run(TestMethodWorker.java:128)
at java.base/java.util.ArrayList.forEach(ArrayList.java:1540)
at org.testng.TestRunner.privateRun(TestRunner.java:766)
at org.testng.TestRunner.run(TestRunner.java:587)
at org.testng.SuiteRunner.runTest(SuiteRunner.java:384)
at org.testng.SuiteRunner.runSequentially(SuiteRunner.java:378)
at org.testng.SuiteRunner.privateRun(SuiteRunner.java:337)
at org.testng.SuiteRunner.run(SuiteRunner.java:286)
at org.testng.SuiteRunnerWorker.runSuite(SuiteRunnerWorker.java:53)
at org.testng.SuiteRunnerWorker.run(SuiteRunnerWorker.java:96)
at org.testng.TestNG.runSuitesSequentially(TestNG.java:1187)
at org.testng.TestNG.runSuitesLocally(TestNG.java:1109)
at org.testng.TestNG.runSuites(TestNG.java:1039)
at org.testng.TestNG.run(TestNG.java:1007)
at org.apache.maven.surefire.testng.TestNGExecutor.run(TestNGExecutor.java:295)
at org.apache.maven.surefire.testng.TestNGXmlTestSuite.execute(TestNGXmlTestSuite.java:84)
at org.apache.maven.surefire.testng.TestNGProvider.invoke(TestNGProvider.java:90)
at org.apache.maven.surefire.booter.ForkedBooter.invokeProviderInSameClassLoader(ForkedBooter.java:203)
at org.apache.maven.surefire.booter.ForkedBooter.runSuitesInProcess(ForkedBooter.java:155)
at org.apache.maven.surefire.booter.ForkedBooter.main(ForkedBooter.java:103)
]]>
            </full-stacktrace>
          </exception> <!-- org.testng.SkipException -->
          <reporter-output>
          </reporter-output>
        </test-method> <!-- openaccounttest -->
        <test-method signature="openaccounttest(java.lang.String, java.lang.String, java.lang.String, java.lang.String)[pri:0, instance:com.w2a.testcases.OpenAccount@378542de]" started-at="2020-05-11T22:55:33 IST" name="openaccounttest" data-provider="getdata" finished-at="2020-05-11T22:55:34 IST" duration-ms="1231" status="PASS">
          <params>
            <param index="0">
              <value>
                <![CDATA[Ron Weasly]]>
              </value>
            </param>
            <param index="1">
              <value>
                <![CDATA[Dollar]]>
              </value>
            </param>
            <param index="2">
              <value>
                <![CDATA[Account created successfully with account Number]]>
              </value>
            </param>
            <param index="3">
              <value>
                <![CDATA[Y]]>
              </value>
            </param>
          </params>
          <reporter-output>
          </reporter-output>
        </test-method> <!-- openaccounttest -->
        <test-method is-config="true" signature="Teardown()[pri:0, instance:com.w2a.testcases.OpenAccount@378542de]" started-at="2020-05-11T22:55:34 IST" name="Teardown" finished-at="2020-05-11T22:55:38 IST" duration-ms="3979" status="PASS">
          <reporter-output>
          </reporter-output>
        </test-method> <!-- Teardown -->
      </class> <!-- com.w2a.testcases.OpenAccount -->
    </test> <!-- testopenaccount -->
  </suite> <!-- Suite -->
</testng-results>
